#
# A fatal error has been detected by the Java Runtime Environment:
#
#  EXCEPTION_ACCESS_VIOLATION (0xc0000005) at pc=0x00007ffb1ec4cac8, pid=14232, tid=14288
#
# JRE version: OpenJDK Runtime Environment Temurin-17.0.10+7 (17.0.10+7) (build 17.0.10+7)
# Java VM: OpenJDK 64-Bit Server VM Temurin-17.0.10+7 (17.0.10+7, mixed mode, tiered, compressed oops, compressed class ptrs, parallel gc, windows-amd64)
# Problematic frame:
# V  [jvm.dll+0xcac8]
#
# No core dump will be written. Minidumps are not enabled by default on client versions of Windows
#
# If you would like to submit a bug report, please visit:
#   https://github.com/adoptium/adoptium-support/issues
#

---------------  S U M M A R Y ------------

Command Line: --add-modules=ALL-SYSTEM --add-opens=java.base/java.util=ALL-UNNAMED --add-opens=java.base/java.lang=ALL-UNNAMED --add-opens=java.base/sun.nio.fs=ALL-UNNAMED -Declipse.application=org.eclipse.jdt.ls.core.id1 -Dosgi.bundles.defaultStartLevel=4 -Declipse.product=org.eclipse.jdt.ls.core.product -Djava.import.generatesMetadataFilesAtProjectRoot=false -DDetectVMInstallationsJob.disabled=true -Dfile.encoding=utf8 -XX:+UseParallelGC -XX:GCTimeRatio=4 -XX:AdaptiveSizePolicyWeight=90 -Dsun.zip.disableMemoryMapping=true -Xmx1G -Xms100m -Xlog:disable -javaagent:c:\Users\JUAN PABLO PALOMINO\.vscode\extensions\redhat.java-1.27.0-win32-x64\lombok\lombok-1.18.31.jar -XX:+HeapDumpOnOutOfMemoryError -XX:HeapDumpPath=c:\Users\JUAN PABLO PALOMINO\AppData\Roaming\Code\User\workspaceStorage\6622c95f21b0f92e7dcf32677b9b8677\redhat.java -Daether.dependencyCollector.impl=bf c:\Users\JUAN PABLO PALOMINO\.vscode\extensions\redhat.java-1.27.0-win32-x64\server\plugins\org.eclipse.equinox.launcher_1.6.700.v20231214-2017.jar -configuration c:\Users\JUAN PABLO PALOMINO\AppData\Roaming\Code\User\globalStorage\redhat.java\1.27.0\config_win -data c:\Users\JUAN PABLO PALOMINO\AppData\Roaming\Code\User\workspaceStorage\6622c95f21b0f92e7dcf32677b9b8677\redhat.java\jdt_ws --stdio

Host: AMD Ryzen 5 3550H with Radeon Vega Mobile Gfx  , 8 cores, 5G,  Windows 11 , 64 bit Build 22621 (10.0.22621.2506)
Time: Thu Feb 15 13:08:11 2024 Hora est. Pacífico, Sudamérica elapsed time: 147917.627028 seconds (1d 17h 5m 17s)

---------------  T H R E A D  ---------------

Current thread (0x000001f6b7eaf040):  GCTaskThread "GC Thread#3" [stack: 0x0000004de4700000,0x0000004de4800000] [id=14288]

Stack: [0x0000004de4700000,0x0000004de4800000],  sp=0x0000004de47ff728,  free space=1021k
Native frames: (J=compiled Java code, j=interpreted, Vv=VM code, C=native code)
V  [jvm.dll+0xcac8]


siginfo: EXCEPTION_ACCESS_VIOLATION (0xc0000005), reading address 0x0000000585ad9648


Registers:
RAX=0x0000000000000001, RBX=0x00000000c1269008, RCX=0x0000000000000003, RDX=0x00000000c1269008
RSP=0x0000004de47ff728, RBP=0x000001f6b14b27b0, RSI=0x0000000000000004, RDI=0x00000000c1268b68
R8 =0x0000000585ad9640, R9 =0x0000000000007b82, R10=0x00000000c12690e8, R11=0x0000000000000024
R12=0x00000000000003d8, R13=0x0000004de47ff910, R14=0x00000000c1268b8c, R15=0x0000000000000000
RIP=0x00007ffb1ec4cac8, EFLAGS=0x0000000000010202


Register to memory mapping:

RIP=0x00007ffb1ec4cac8 jvm.dll
RAX=0x0000000000000001 is an unknown value
RBX=
[error occurred during error reporting (printing register info), id 0xc0000005, EXCEPTION_ACCESS_VIOLATION (0xc0000005) at pc=0x00007ffb1f2c9936]

Top of Stack: (sp=0x0000004de47ff728)
0x0000004de47ff728:   00007ffb1f2f0328 00000000c12690e8
0x0000004de47ff738:   00000000c1268b64 0000000000000000
0x0000004de47ff748:   00007ffb1f76c7a0 00007ffb1f76c7a0
0x0000004de47ff758:   00007ffb1f2f0663 000001f6b14b27b0
0x0000004de47ff768:   00007ffb1f55bb90 00007ffb1f5f1158
0x0000004de47ff778:   0000000000007b7d 0000000000000000
0x0000004de47ff788:   0000000000000000 000001f6b7d0bbb0
0x0000004de47ff798:   00007ffb1f420001 0000004de47ff801
0x0000004de47ff7a8:   000000000000004a 00007ffb1f55bb90
0x0000004de47ff7b8:   000001f69d726700 000001f600000003
0x0000004de47ff7c8:   000001f6b14b27b0 0000000000000000
0x0000004de47ff7d8:   0000000000000000 000001f6b7d0bbb0
0x0000004de47ff7e8:   000001f6b677bba8 000001f69d7a68b0
0x0000004de47ff7f8:   000001f6b677b7d0 000001f6b677b7c0
0x0000004de47ff808:   00007ffb1f2f5218 000001f6b14b27b0
0x0000004de47ff818:   000001f6b677b7c0 000001f6b677b7d0
0x0000004de47ff828:   000001f6b14b27b0 00007ffb1f5f1948
0x0000004de47ff838:   000001f6b14b27b0 00007ffb1f594ad0
0x0000004de47ff848:   0000004de47ff830 0000000000000000
0x0000004de47ff858:   0000000000000000 0000000000000001
0x0000004de47ff868:   0000000000000001 00007ffb1f5f1948
0x0000004de47ff878:   0000004de38ff090 000001f6baa90530
0x0000004de47ff888:   00007ffb1f4281e8 0000000000003ef8
0x0000004de47ff898:   000001f6baa90598 0000004de47ff910
0x0000004de47ff8a8:   000001f6b14b27b0 0000004de38ff1d0
0x0000004de47ff8b8:   00007ffb1f2f9c0d 0000000000000000
0x0000004de47ff8c8:   0000004de47ff940 000001f6b14b27b0
0x0000004de47ff8d8:   0000000000000001 0000004de38ff430
0x0000004de47ff8e8:   000001f6b677b7c0 0000000100000002
0x0000004de47ff8f8:   0000004de38ff090 00007ffb1f5f1948
0x0000004de47ff908:   000001f6b14b27b0 00007ffb1f5f1b50
0x0000004de47ff918:   0000000000000001 0000000000000000 

Instructions: (pc=0x00007ffb1ec4cac8)
0x00007ffb1ec4c9c8:   48 83 c4 20 5e c3 cc cc 48 8b 01 c3 cc cc cc cc
0x00007ffb1ec4c9d8:   cc cc cc cc cc cc cc cc 4c 8b 01 4c 8b c9 48 8b
0x00007ffb1ec4c9e8:   0d e3 60 b6 00 ba 44 60 08 00 e9 d9 f1 ff ff cc
0x00007ffb1ec4c9f8:   cc cc cc cc cc cc cc cc 48 89 5c 24 08 57 48 83
0x00007ffb1ec4ca08:   ec 20 48 8b 39 48 8b d9 48 85 3d 01 4a bb 00 75
0x00007ffb1ec4ca18:   0e 48 8b c7 48 8b 5c 24 30 48 83 c4 20 5f c3 48
0x00007ffb1ec4ca28:   8b cf e8 41 98 85 00 48 8b d0 48 85 c0 74 20 48
0x00007ffb1ec4ca38:   8b c7 f0 48 0f b1 13 74 16 48 85 05 d0 49 bb 00
0x00007ffb1ec4ca48:   74 0d 48 8b c8 f0 48 0f b1 13 48 3b c1 75 ea 48
0x00007ffb1ec4ca58:   8b 5c 24 30 48 8b c2 48 83 c4 20 5f c3 cc cc cc
0x00007ffb1ec4ca68:   cc cc cc cc cc cc cc cc 4c 8b 01 4c 8b c9 48 8b
0x00007ffb1ec4ca78:   0d 53 60 b6 00 ba 64 60 08 00 e9 49 f1 ff ff cc
0x00007ffb1ec4ca88:   cc cc cc cc cc cc cc cc 8b 05 62 a8 b0 00 c3 cc
0x00007ffb1ec4ca98:   cc cc cc cc cc cc cc cc 0f b6 05 db 68 b7 00 48
0x00007ffb1ec4caa8:   8b d1 84 c0 74 16 44 8b 41 08 8b 0d 40 a8 b0 00
0x00007ffb1ec4cab8:   49 d3 e0 4c 03 05 2e a8 b0 00 eb 04 4c 8b 41 08
0x00007ffb1ec4cac8:   45 8b 50 08 45 85 d2 7e 0e 41 f6 c2 01 75 53 41
0x00007ffb1ec4cad8:   c1 fa 03 41 8b c2 c3 79 49 84 c0 b9 10 00 00 00
0x00007ffb1ec4cae8:   8b 05 46 b7 b0 00 41 b8 0c 00 00 00 41 0f 45 c8
0x00007ffb1ec4caf8:   ff c8 4c 63 c8 48 63 14 11 41 8b ca 83 e1 3f 48
0x00007ffb1ec4cb08:   d3 e2 41 8b ca 48 c1 f9 10 0f b6 c1 49 8d 0c 11
0x00007ffb1ec4cb18:   49 f7 d1 48 03 c1 49 c1 e9 03 48 c1 e8 03 41 23
0x00007ffb1ec4cb28:   c1 c3 49 8b 00 49 8b c8 48 ff a0 00 01 00 00 cc
0x00007ffb1ec4cb38:   cc cc cc cc cc cc cc cc 8b 44 24 30 45 03 c9 44
0x00007ffb1ec4cb48:   2b 4c 24 28 83 c0 0b 44 03 ca 45 03 c8 41 03 c1
0x00007ffb1ec4cb58:   c3 cc cc cc cc cc cc cc 4c 8b ca 48 8b d1 45 8b
0x00007ffb1ec4cb68:   41 08 45 85 c0 7e 0e 41 f6 c0 01 75 56 41 c1 f8
0x00007ffb1ec4cb78:   03 41 8b c0 c3 79 4c 80 3d fc 67 b7 00 00 b8 0c
0x00007ffb1ec4cb88:   00 00 00 b9 10 00 00 00 0f 45 c8 8b 05 9b b6 b0
0x00007ffb1ec4cb98:   00 ff c8 4c 63 c8 48 63 14 11 41 8b c8 83 e1 3f
0x00007ffb1ec4cba8:   48 d3 e2 41 8b c8 48 c1 f9 10 0f b6 c1 49 8d 0c
0x00007ffb1ec4cbb8:   11 49 f7 d1 48 03 c1 49 c1 e9 03 48 c1 e8 03 41 


Stack slot to memory mapping:
stack at sp + 0 slots: 0x00007ffb1f2f0328 jvm.dll
stack at sp + 1 slots: 0x00000000c12690e8 is an oop: jdk.internal.jimage.ImageReader$Resource 
{0x00000000c12690e8} - klass: 'jdk/internal/jimage/ImageReader$Resource'
 - ---- fields (total size 4 words):
 - private 'flags' 'I' @12  0
 - private 'completed' 'Z' @16  false
 - private final 'name' 'Ljava/lang/String;' @20  "/modules/java.base/java/math/BigInteger$UnsafeHolder.class"{0x00000000c1269108} (c1269108)
 - private final 'fileAttrs' 'Ljava/nio/file/attribute/BasicFileAttributes;' @24  a 'sun/nio/fs/WindowsFileAttributes'{0x00000000c0baab58} (c0baab58)
 - private final 'loc' 'Ljdk/internal/jimage/ImageLocation;' @28  a 'jdk/internal/jimage/ImageLocation'{0x00000000c1269170} (c1269170)
stack at sp + 2 slots: 0x00000000c1268b64 is pointing into object: [Ljava.lang.Object; 
{0x00000000c1268b40} - klass: 'java/lang/Object'[]
 - length: 15
stack at sp + 3 slots: 0x0 is NULL
stack at sp + 4 slots: 0x00007ffb1f76c7a0 jvm.dll
stack at sp + 5 slots: 0x00007ffb1f76c7a0 jvm.dll
stack at sp + 6 slots: 0x00007ffb1f2f0663 jvm.dll
stack at sp + 7 slots: 0x000001f6b14b27b0 points into unknown readable memory: 0x000001f69b520150 | 50 01 52 9b f6 01 00 00


---------------  P R O C E S S  ---------------

Threads class SMR info:
_java_thread_list=0x000001f6b7d03760, length=31, elements={
0x000001f69d70f650, 0x000001f6b1590020, 0x000001f6b15918c0, 0x000001f6b159d290,
0x000001f6b159dcc0, 0x000001f6b159e940, 0x000001f6b66d8560, 0x000001f6b66d9250,
0x000001f6b673e2c0, 0x000001f6b6741820, 0x000001f6b6801390, 0x000001f6b7888050,
0x000001f6b802cc30, 0x000001f6b7ffbcb0, 0x000001f6b7887970, 0x000001f6b7aad3c0,
0x000001f6b8272700, 0x000001f6b7d0c5d0, 0x000001f6b7d0bbb0, 0x000001f6b7d0b6a0,
0x000001f6b7d0e430, 0x000001f6baeb6da0, 0x000001f6baeb6890, 0x000001f6b9a17370,
0x000001f6b9a15a20, 0x000001f6b9a19bf0, 0x000001f6ba5444f0, 0x000001f6b7ff0290,
0x000001f6b7feb190, 0x000001f6b7fecff0, 0x000001f6b7feee50
}

Java Threads: ( => current thread )
  0x000001f69d70f650 JavaThread "main" [_thread_blocked, id=14272, stack(0x0000004de3600000,0x0000004de3700000)]
  0x000001f6b1590020 JavaThread "Reference Handler" daemon [_thread_blocked, id=13568, stack(0x0000004de3900000,0x0000004de3a00000)]
  0x000001f6b15918c0 JavaThread "Finalizer" daemon [_thread_blocked, id=13564, stack(0x0000004de3a00000,0x0000004de3b00000)]
  0x000001f6b159d290 JavaThread "Signal Dispatcher" daemon [_thread_blocked, id=13584, stack(0x0000004de3b00000,0x0000004de3c00000)]
  0x000001f6b159dcc0 JavaThread "Attach Listener" daemon [_thread_blocked, id=13540, stack(0x0000004de3c00000,0x0000004de3d00000)]
  0x000001f6b159e940 JavaThread "Service Thread" daemon [_thread_blocked, id=9116, stack(0x0000004de3d00000,0x0000004de3e00000)]
  0x000001f6b66d8560 JavaThread "Monitor Deflation Thread" daemon [_thread_blocked, id=11484, stack(0x0000004de3e00000,0x0000004de3f00000)]
  0x000001f6b66d9250 JavaThread "C2 CompilerThread0" daemon [_thread_blocked, id=13548, stack(0x0000004de3f00000,0x0000004de4000000)]
  0x000001f6b673e2c0 JavaThread "C1 CompilerThread0" daemon [_thread_blocked, id=11520, stack(0x0000004de4000000,0x0000004de4100000)]
  0x000001f6b6741820 JavaThread "Sweeper thread" daemon [_thread_blocked, id=13532, stack(0x0000004de4100000,0x0000004de4200000)]
  0x000001f6b6801390 JavaThread "Common-Cleaner" daemon [_thread_blocked, id=13960, stack(0x0000004de4200000,0x0000004de4300000)]
  0x000001f6b7888050 JavaThread "Notification Thread" daemon [_thread_blocked, id=14144, stack(0x0000004de4300000,0x0000004de4400000)]
  0x000001f6b802cc30 JavaThread "Active Thread: Equinox Container: da6a6695-fab7-4eb0-8b5d-50453dfb7ae4" [_thread_blocked, id=6500, stack(0x0000004de4d00000,0x0000004de4e00000)]
  0x000001f6b7ffbcb0 JavaThread "Framework Event Dispatcher: Equinox Container: da6a6695-fab7-4eb0-8b5d-50453dfb7ae4" daemon [_thread_blocked, id=13872, stack(0x0000004de4b00000,0x0000004de4c00000)]
  0x000001f6b7887970 JavaThread "Start Level: Equinox Container: da6a6695-fab7-4eb0-8b5d-50453dfb7ae4" daemon [_thread_blocked, id=13492, stack(0x0000004de4c00000,0x0000004de4d00000)]
  0x000001f6b7aad3c0 JavaThread "Bundle File Closer" daemon [_thread_blocked, id=7144, stack(0x0000004de4f00000,0x0000004de5000000)]
  0x000001f6b8272700 JavaThread "SCR Component Actor" daemon [_thread_blocked, id=9892, stack(0x0000004de5000000,0x0000004de5100000)]
  0x000001f6b7d0c5d0 JavaThread "Worker-JM" [_thread_blocked, id=10500, stack(0x0000004de5200000,0x0000004de5300000)]
  0x000001f6b7d0bbb0 JavaThread "Java indexing" daemon [_thread_blocked, id=7076, stack(0x0000004de5800000,0x0000004de5900000)]
  0x000001f6b7d0b6a0 JavaThread "JNA Cleaner" daemon [_thread_blocked, id=5916, stack(0x0000004de5b00000,0x0000004de5c00000)]
  0x000001f6b7d0e430 JavaThread "pool-2-thread-1" [_thread_blocked, id=10664, stack(0x0000004de5c00000,0x0000004de5d00000)]
  0x000001f6baeb6da0 JavaThread "WorkspaceEventsHandler" [_thread_blocked, id=14624, stack(0x0000004de5d00000,0x0000004de5e00000)]
  0x000001f6baeb6890 JavaThread "pool-1-thread-1" [_thread_blocked, id=14676, stack(0x0000004de5e00000,0x0000004de5f00000)]
  0x000001f6b9a17370 JavaThread "Java Debug Server" daemon [_thread_in_native, id=15056, stack(0x0000004de6200000,0x0000004de6300000)]
  0x000001f6b9a15a20 JavaThread "RxSchedulerPurge-1" daemon [_thread_blocked, id=13444, stack(0x0000004de6400000,0x0000004de6500000)]
  0x000001f6b9a19bf0 JavaThread "RxCachedWorkerPoolEvictor-1" daemon [_thread_blocked, id=15364, stack(0x0000004de6500000,0x0000004de6600000)]
  0x000001f6ba5444f0 JavaThread "Worker-37" [_thread_blocked, id=2956, stack(0x0000004de3500000,0x0000004de3600000)]
  0x000001f6b7ff0290 JavaThread "Worker-45" [_thread_blocked, id=15024, stack(0x0000004de3400000,0x0000004de3500000)]
  0x000001f6b7feb190 JavaThread "ForkJoinPool.commonPool-worker-37" daemon [_thread_blocked, id=12568, stack(0x0000004de5100000,0x0000004de5200000)]
  0x000001f6b7fecff0 JavaThread "ForkJoinPool.commonPool-worker-38" daemon [_thread_blocked, id=18512, stack(0x0000004de5300000,0x0000004de5400000)]
  0x000001f6b7feee50 JavaThread "Worker-46" [_thread_blocked, id=4812, stack(0x0000004de5500000,0x0000004de5600000)]

Other Threads:
  0x000001f6b66b14b0 VMThread "VM Thread" [stack: 0x0000004de3800000,0x0000004de3900000] [id=9804]
  0x000001f6b7888530 WatcherThread [stack: 0x0000004de4400000,0x0000004de4500000] [id=14084]
  0x000001f69d724db0 GCTaskThread "GC Thread#0" [stack: 0x0000004de3700000,0x0000004de3800000] [id=14224]
  0x000001f6b78e2670 GCTaskThread "GC Thread#1" [stack: 0x0000004de4500000,0x0000004de4600000] [id=14292]
  0x000001f6b78e3950 GCTaskThread "GC Thread#2" [stack: 0x0000004de4600000,0x0000004de4700000] [id=2836]
=>0x000001f6b7eaf040 GCTaskThread "GC Thread#3" [stack: 0x0000004de4700000,0x0000004de4800000] [id=14288]
  0x000001f6b7eaf300 GCTaskThread "GC Thread#4" [stack: 0x0000004de4800000,0x0000004de4900000] [id=12084]
  0x000001f6b7eaf5c0 GCTaskThread "GC Thread#5" [stack: 0x0000004de4900000,0x0000004de4a00000] [id=13536]
  0x000001f6b7cc1080 GCTaskThread "GC Thread#6" [stack: 0x0000004de4a00000,0x0000004de4b00000] [id=13360]
  0x000001f6b787ca90 GCTaskThread "GC Thread#7" [stack: 0x0000004de4e00000,0x0000004de4f00000] [id=2356]

Threads with active compile tasks:
C2 CompilerThread0  147917660 29224       4       org.eclipse.jdt.internal.core.PackageFragment::equals (53 bytes)

VM state: at safepoint (normal execution)

VM Mutex/Monitor currently owned by a thread:  ([mutex/lock_event])
[0x000001f69d709e50] Threads_lock - owner thread: 0x000001f6b66b14b0
[0x000001f69d70ba70] Heap_lock - owner thread: 0x000001f6b7d0bbb0

Heap address: 0x00000000c0000000, size: 1024 MB, Compressed Oops mode: 32-bit

CDS archive(s) not mapped
Compressed class space mapped at: 0x0000000100000000-0x0000000140000000, reserved size: 1073741824
Narrow klass base: 0x0000000000000000, Narrow klass shift: 3, Narrow klass range: 0x140000000

GC Precious Log:
 CPUs: 8 total, 8 available
 Memory: 6019M
 Large Page Support: Disabled
 NUMA Support: Disabled
 Compressed Oops: Enabled (32-bit)
 Alignments: Space 512K, Generation 512K, Heap 2M
 Heap Min Capacity: 100M
 Heap Initial Capacity: 100M
 Heap Max Capacity: 1G
 Pre-touch: Disabled
 Parallel Workers: 8

Heap:
 PSYoungGen      total 2560K, used 2024K [0x00000000eab00000, 0x00000000eba00000, 0x0000000100000000)
  eden space 512K, 0% used [0x00000000eab00000,0x00000000eab00000,0x00000000eab80000)
  from space 2048K, 98% used [0x00000000eb100000,0x00000000eb2fa010,0x00000000eb300000)
  to   space 5632K, 0% used [0x00000000eab80000,0x00000000eab80000,0x00000000eb100000)
 ParOldGen       total 155648K, used 155640K [0x00000000c0000000, 0x00000000c9800000, 0x00000000eab00000)
  object space 155648K, 99% used [0x00000000c0000000,0x00000000c97fe190,0x00000000c9800000)
 Metaspace       used 97113K, committed 98304K, reserved 1179648K
  class space    used 9496K, committed 10048K, reserved 1048576K

Card table byte_map: [0x000001f69d0d0000,0x000001f69d2e0000] _byte_map_base: 0x000001f69cad0000

Marking Bits: (ParMarkBitMap*) 0x00007ffb1f7dd7d0
 Begin Bits: [0x000001f6af3a0000, 0x000001f6b03a0000)
 End Bits:   [0x000001f6b03a0000, 0x000001f6b13a0000)

Polling page: 0x000001f69cec0000

Metaspace:

Usage:
  Non-class:     85.56 MB used.
      Class:      9.27 MB used.
       Both:     94.84 MB used.

Virtual space:
  Non-class space:      128.00 MB reserved,      86.19 MB ( 67%) committed,  2 nodes.
      Class space:        1.00 GB reserved,       9.81 MB ( <1%) committed,  1 nodes.
             Both:        1.12 GB reserved,      96.00 MB (  8%) committed. 

Chunk freelists:
   Non-Class:  9.76 MB
       Class:  6.13 MB
        Both:  15.89 MB

MaxMetaspaceSize: unlimited
CompressedClassSpaceSize: 1.00 GB
Initial GC threshold: 21.00 MB
Current GC threshold: 159.81 MB
CDS: off
MetaspaceReclaimPolicy: balanced
 - commit_granule_bytes: 65536.
 - commit_granule_words: 8192.
 - virtual_space_node_default_size: 8388608.
 - enlarge_chunks_in_place: 1.
 - new_chunks_are_fully_committed: 0.
 - uncommit_free_chunks: 1.
 - use_allocation_guard: 0.
 - handle_deallocations: 1.


Internal statistics:

num_allocs_failed_limit: 9.
num_arena_births: 1116.
num_arena_deaths: 380.
num_vsnodes_births: 3.
num_vsnodes_deaths: 0.
num_space_committed: 1536.
num_space_uncommitted: 0.
num_chunks_returned_to_freelist: 432.
num_chunks_taken_from_freelist: 5651.
num_chunk_merges: 170.
num_chunk_splits: 3192.
num_chunks_enlarged: 1553.
num_inconsistent_stats: 0.

CodeHeap 'non-profiled nmethods': size=120000Kb used=29097Kb max_used=29864Kb free=90902Kb
 bounds [0x000001f6a7e70000, 0x000001f6a9ba0000, 0x000001f6af3a0000]
CodeHeap 'profiled nmethods': size=120000Kb used=40631Kb max_used=41664Kb free=79368Kb
 bounds [0x000001f6a03a0000, 0x000001f6a2c60000, 0x000001f6a78d0000]
CodeHeap 'non-nmethods': size=5760Kb used=1442Kb max_used=1529Kb free=4317Kb
 bounds [0x000001f6a78d0000, 0x000001f6a7b40000, 0x000001f6a7e70000]
 total_blobs=20882 nmethods=20088 adapters=703
 compilation: enabled
              stopped_count=0, restarted_count=0
 full_count=0

Compilation events (20 events):
Event: 147911.178 Thread 0x000001f6b673e2c0 nmethod 29218 0x000001f6a0b93190 code [0x000001f6a0b93360, 0x000001f6a0b937d8]
Event: 147911.178 Thread 0x000001f6b673e2c0 29219       3       org.eclipse.lsp4j.DidChangeWatchedFilesParams::<init> (18 bytes)
Event: 147911.178 Thread 0x000001f6b673e2c0 nmethod 29219 0x000001f6a135c990 code [0x000001f6a135cb60, 0x000001f6a135cff8]
Event: 147911.178 Thread 0x000001f6b673e2c0 29220       3       org.eclipse.jdt.ls.core.internal.handlers.JDTLanguageServer::didChangeWatchedFiles (15 bytes)
Event: 147911.181 Thread 0x000001f6b673e2c0 nmethod 29220 0x000001f6a16dc410 code [0x000001f6a16dc660, 0x000001f6a16dcf68]
Event: 147917.453 Thread 0x000001f6b673e2c0 29221       1       org.eclipse.lsp4j.DidOpenTextDocumentParams::getTextDocument (5 bytes)
Event: 147917.454 Thread 0x000001f6b673e2c0 nmethod 29221 0x000001f6a843b890 code [0x000001f6a843ba20, 0x000001f6a843baf8]
Event: 147917.458 Thread 0x000001f6b673e2c0 29222   !   3       org.eclipse.jdt.ls.core.internal.handlers.BaseDocumentLifeCycleHandler::refreshLocalResource (239 bytes)
Event: 147917.463 Thread 0x000001f6b673e2c0 nmethod 29222 0x000001f6a0f8d990 code [0x000001f6a0f8de80, 0x000001f6a0f90ac8]
Event: 147917.481 Thread 0x000001f6b673e2c0 29223  s    3       org.eclipse.jdt.internal.core.hierarchy.TypeHierarchy::isAffected (97 bytes)
Event: 147917.483 Thread 0x000001f6b673e2c0 nmethod 29223 0x000001f6a216a090 code [0x000001f6a216a2c0, 0x000001f6a216ab38]
Event: 147917.484 Thread 0x000001f6b673e2c0 29225       3       org.eclipse.jdt.internal.core.JavaElement::getElementInfo (27 bytes)
Event: 147917.484 Thread 0x000001f6b66d9250 29224       4       org.eclipse.jdt.internal.core.PackageFragment::equals (53 bytes)
Event: 147917.484 Thread 0x000001f6b673e2c0 nmethod 29225 0x000001f6a1c64f10 code [0x000001f6a1c650e0, 0x000001f6a1c65488]
Event: 147917.493 Thread 0x000001f6b673e2c0 29228       3       org.eclipse.jdt.internal.core.util.HashSetOfArray::rehash (64 bytes)
Event: 147917.493 Thread 0x000001f6b673e2c0 nmethod 29228 0x000001f6a1eea810 code [0x000001f6a1eea9e0, 0x000001f6a1eead38]
Event: 147917.495 Thread 0x000001f6b673e2c0 29229   !   3       org.eclipse.jdt.internal.core.JavaProjectElementInfo::newNameLookup (398 bytes)
Event: 147917.506 Thread 0x000001f6b673e2c0 nmethod 29229 0x000001f6a0f92c10 code [0x000001f6a0f92fe0, 0x000001f6a0f95358]
Event: 147917.506 Thread 0x000001f6b673e2c0 29230 %     3       org.eclipse.jdt.core.compiler.CharOperation::splitOn @ 65 (150 bytes)
Event: 147917.507 Thread 0x000001f6b673e2c0 nmethod 29230% 0x000001f6a1fb0490 code [0x000001f6a1fb06a0, 0x000001f6a1fb11d8]

GC Heap History (20 events):
Event: 147879.275 GC heap after
{Heap after GC invocations=15762 (full 347):
 PSYoungGen      total 2560K, used 1024K [0x00000000eab00000, 0x00000000eb200000, 0x0000000100000000)
  eden space 1536K, 0% used [0x00000000eab00000,0x00000000eab00000,0x00000000eac80000)
  from space 1024K, 100% used [0x00000000eac80000,0x00000000ead80000,0x00000000ead80000)
  to   space 2560K, 0% used [0x00000000eaf80000,0x00000000eaf80000,0x00000000eb200000)
 ParOldGen       total 155136K, used 141790K [0x00000000c0000000, 0x00000000c9780000, 0x00000000eab00000)
  object space 155136K, 91% used [0x00000000c0000000,0x00000000c8a778c0,0x00000000c9780000)
 Metaspace       used 97054K, committed 98240K, reserved 1179648K
  class space    used 9492K, committed 10048K, reserved 1048576K
}
Event: 147879.330 GC heap before
{Heap before GC invocations=15763 (full 347):
 PSYoungGen      total 2560K, used 2560K [0x00000000eab00000, 0x00000000eb200000, 0x0000000100000000)
  eden space 1536K, 100% used [0x00000000eab00000,0x00000000eac80000,0x00000000eac80000)
  from space 1024K, 100% used [0x00000000eac80000,0x00000000ead80000,0x00000000ead80000)
  to   space 2560K, 0% used [0x00000000eaf80000,0x00000000eaf80000,0x00000000eb200000)
 ParOldGen       total 155136K, used 141790K [0x00000000c0000000, 0x00000000c9780000, 0x00000000eab00000)
  object space 155136K, 91% used [0x00000000c0000000,0x00000000c8a778c0,0x00000000c9780000)
 Metaspace       used 97063K, committed 98240K, reserved 1179648K
  class space    used 9492K, committed 10048K, reserved 1048576K
}
Event: 147879.339 GC heap after
{Heap after GC invocations=15763 (full 347):
 PSYoungGen      total 3584K, used 1504K [0x00000000eab00000, 0x00000000eb100000, 0x0000000100000000)
  eden space 2048K, 0% used [0x00000000eab00000,0x00000000eab00000,0x00000000ead00000)
  from space 1536K, 97% used [0x00000000eaf80000,0x00000000eb0f8000,0x00000000eb100000)
  to   space 2048K, 0% used [0x00000000ead00000,0x00000000ead00000,0x00000000eaf00000)
 ParOldGen       total 155136K, used 142862K [0x00000000c0000000, 0x00000000c9780000, 0x00000000eab00000)
  object space 155136K, 92% used [0x00000000c0000000,0x00000000c8b838c0,0x00000000c9780000)
 Metaspace       used 97063K, committed 98240K, reserved 1179648K
  class space    used 9492K, committed 10048K, reserved 1048576K
}
Event: 147879.367 GC heap before
{Heap before GC invocations=15764 (full 347):
 PSYoungGen      total 3584K, used 3429K [0x00000000eab00000, 0x00000000eb100000, 0x0000000100000000)
  eden space 2048K, 94% used [0x00000000eab00000,0x00000000eace1698,0x00000000ead00000)
  from space 1536K, 97% used [0x00000000eaf80000,0x00000000eb0f8000,0x00000000eb100000)
  to   space 2048K, 0% used [0x00000000ead00000,0x00000000ead00000,0x00000000eaf00000)
 ParOldGen       total 155136K, used 142862K [0x00000000c0000000, 0x00000000c9780000, 0x00000000eab00000)
  object space 155136K, 92% used [0x00000000c0000000,0x00000000c8b838c0,0x00000000c9780000)
 Metaspace       used 97063K, committed 98240K, reserved 1179648K
  class space    used 9492K, committed 10048K, reserved 1048576K
}
Event: 147879.375 GC heap after
{Heap after GC invocations=15764 (full 347):
 PSYoungGen      total 4096K, used 1868K [0x00000000eab00000, 0x00000000eb180000, 0x0000000100000000)
  eden space 2048K, 0% used [0x00000000eab00000,0x00000000eab00000,0x00000000ead00000)
  from space 2048K, 91% used [0x00000000ead00000,0x00000000eaed3000,0x00000000eaf00000)
  to   space 2048K, 0% used [0x00000000eaf80000,0x00000000eaf80000,0x00000000eb180000)
 ParOldGen       total 155136K, used 144294K [0x00000000c0000000, 0x00000000c9780000, 0x00000000eab00000)
  object space 155136K, 93% used [0x00000000c0000000,0x00000000c8ce98c0,0x00000000c9780000)
 Metaspace       used 97063K, committed 98240K, reserved 1179648K
  class space    used 9492K, committed 10048K, reserved 1048576K
}
Event: 147879.463 GC heap before
{Heap before GC invocations=15765 (full 347):
 PSYoungGen      total 4096K, used 3916K [0x00000000eab00000, 0x00000000eb180000, 0x0000000100000000)
  eden space 2048K, 100% used [0x00000000eab00000,0x00000000ead00000,0x00000000ead00000)
  from space 2048K, 91% used [0x00000000ead00000,0x00000000eaed3000,0x00000000eaf00000)
  to   space 2048K, 0% used [0x00000000eaf80000,0x00000000eaf80000,0x00000000eb180000)
 ParOldGen       total 155136K, used 144294K [0x00000000c0000000, 0x00000000c9780000, 0x00000000eab00000)
  object space 155136K, 93% used [0x00000000c0000000,0x00000000c8ce98c0,0x00000000c9780000)
 Metaspace       used 97063K, committed 98240K, reserved 1179648K
  class space    used 9492K, committed 10048K, reserved 1048576K
}
Event: 147879.473 GC heap after
{Heap after GC invocations=15765 (full 347):
 PSYoungGen      total 4608K, used 1969K [0x00000000eab00000, 0x00000000eb180000, 0x0000000100000000)
  eden space 2560K, 0% used [0x00000000eab00000,0x00000000eab00000,0x00000000ead80000)
  from space 2048K, 96% used [0x00000000eaf80000,0x00000000eb16c430,0x00000000eb180000)
  to   space 2048K, 0% used [0x00000000ead80000,0x00000000ead80000,0x00000000eaf80000)
 ParOldGen       total 155136K, used 145702K [0x00000000c0000000, 0x00000000c9780000, 0x00000000eab00000)
  object space 155136K, 93% used [0x00000000c0000000,0x00000000c8e498c0,0x00000000c9780000)
 Metaspace       used 97063K, committed 98240K, reserved 1179648K
  class space    used 9492K, committed 10048K, reserved 1048576K
}
Event: 147879.506 GC heap before
{Heap before GC invocations=15766 (full 347):
 PSYoungGen      total 4608K, used 4529K [0x00000000eab00000, 0x00000000eb180000, 0x0000000100000000)
  eden space 2560K, 100% used [0x00000000eab00000,0x00000000ead80000,0x00000000ead80000)
  from space 2048K, 96% used [0x00000000eaf80000,0x00000000eb16c430,0x00000000eb180000)
  to   space 2048K, 0% used [0x00000000ead80000,0x00000000ead80000,0x00000000eaf80000)
 ParOldGen       total 155136K, used 145702K [0x00000000c0000000, 0x00000000c9780000, 0x00000000eab00000)
  object space 155136K, 93% used [0x00000000c0000000,0x00000000c8e498c0,0x00000000c9780000)
 Metaspace       used 97063K, committed 98240K, reserved 1179648K
  class space    used 9492K, committed 10048K, reserved 1048576K
}
Event: 147879.519 GC heap after
{Heap after GC invocations=15766 (full 347):
 PSYoungGen      total 4608K, used 2036K [0x00000000eab00000, 0x00000000eb800000, 0x0000000100000000)
  eden space 2560K, 0% used [0x00000000eab00000,0x00000000eab00000,0x00000000ead80000)
  from space 2048K, 99% used [0x00000000ead80000,0x00000000eaf7d000,0x00000000eaf80000)
  to   space 5120K, 0% used [0x00000000eb300000,0x00000000eb300000,0x00000000eb800000)
 ParOldGen       total 155136K, used 148155K [0x00000000c0000000, 0x00000000c9780000, 0x00000000eab00000)
  object space 155136K, 95% used [0x00000000c0000000,0x00000000c90aef08,0x00000000c9780000)
 Metaspace       used 97063K, committed 98240K, reserved 1179648K
  class space    used 9492K, committed 10048K, reserved 1048576K
}
Event: 147905.221 GC heap before
{Heap before GC invocations=15767 (full 347):
 PSYoungGen      total 4608K, used 4596K [0x00000000eab00000, 0x00000000eb800000, 0x0000000100000000)
  eden space 2560K, 100% used [0x00000000eab00000,0x00000000ead80000,0x00000000ead80000)
  from space 2048K, 99% used [0x00000000ead80000,0x00000000eaf7d000,0x00000000eaf80000)
  to   space 5120K, 0% used [0x00000000eb300000,0x00000000eb300000,0x00000000eb800000)
 ParOldGen       total 155136K, used 148155K [0x00000000c0000000, 0x00000000c9780000, 0x00000000eab00000)
  object space 155136K, 95% used [0x00000000c0000000,0x00000000c90aef08,0x00000000c9780000)
 Metaspace       used 97084K, committed 98304K, reserved 1179648K
  class space    used 9495K, committed 10048K, reserved 1048576K
}
Event: 147905.235 GC heap after
{Heap after GC invocations=15767 (full 347):
 PSYoungGen      total 3584K, used 912K [0x00000000eab00000, 0x00000000eb400000, 0x0000000100000000)
  eden space 2560K, 0% used [0x00000000eab00000,0x00000000eab00000,0x00000000ead80000)
  from space 1024K, 89% used [0x00000000eb300000,0x00000000eb3e4000,0x00000000eb400000)
  to   space 2560K, 0% used [0x00000000eaf00000,0x00000000eaf00000,0x00000000eb180000)
 ParOldGen       total 155136K, used 150171K [0x00000000c0000000, 0x00000000c9780000, 0x00000000eab00000)
  object space 155136K, 96% used [0x00000000c0000000,0x00000000c92a6f08,0x00000000c9780000)
 Metaspace       used 97084K, committed 98304K, reserved 1179648K
  class space    used 9495K, committed 10048K, reserved 1048576K
}
Event: 147917.473 GC heap before
{Heap before GC invocations=15768 (full 347):
 PSYoungGen      total 3584K, used 3471K [0x00000000eab00000, 0x00000000eb400000, 0x0000000100000000)
  eden space 2560K, 99% used [0x00000000eab00000,0x00000000ead7ffc8,0x00000000ead80000)
  from space 1024K, 89% used [0x00000000eb300000,0x00000000eb3e4000,0x00000000eb400000)
  to   space 2560K, 0% used [0x00000000eaf00000,0x00000000eaf00000,0x00000000eb180000)
 ParOldGen       total 155136K, used 150171K [0x00000000c0000000, 0x00000000c9780000, 0x00000000eab00000)
  object space 155136K, 96% used [0x00000000c0000000,0x00000000c92a6f08,0x00000000c9780000)
 Metaspace       used 97107K, committed 98304K, reserved 1179648K
  class space    used 9495K, committed 10048K, reserved 1048576K
}
Event: 147917.478 GC heap after
{Heap after GC invocations=15768 (full 347):
 PSYoungGen      total 5120K, used 256K [0x00000000eab00000, 0x00000000eb380000, 0x0000000100000000)
  eden space 2560K, 0% used [0x00000000eab00000,0x00000000eab00000,0x00000000ead80000)
  from space 2560K, 10% used [0x00000000eaf00000,0x00000000eaf40000,0x00000000eb180000)
  to   space 1024K, 0% used [0x00000000eb280000,0x00000000eb280000,0x00000000eb380000)
 ParOldGen       total 155136K, used 150947K [0x00000000c0000000, 0x00000000c9780000, 0x00000000eab00000)
  object space 155136K, 97% used [0x00000000c0000000,0x00000000c9368f08,0x00000000c9780000)
 Metaspace       used 97107K, committed 98304K, reserved 1179648K
  class space    used 9495K, committed 10048K, reserved 1048576K
}
Event: 147917.495 GC heap before
{Heap before GC invocations=15769 (full 347):
 PSYoungGen      total 5120K, used 2816K [0x00000000eab00000, 0x00000000eb380000, 0x0000000100000000)
  eden space 2560K, 100% used [0x00000000eab00000,0x00000000ead80000,0x00000000ead80000)
  from space 2560K, 10% used [0x00000000eaf00000,0x00000000eaf40000,0x00000000eb180000)
  to   space 1024K, 0% used [0x00000000eb280000,0x00000000eb280000,0x00000000eb380000)
 ParOldGen       total 155136K, used 150947K [0x00000000c0000000, 0x00000000c9780000, 0x00000000eab00000)
  object space 155136K, 97% used [0x00000000c0000000,0x00000000c9368f08,0x00000000c9780000)
 Metaspace       used 97107K, committed 98304K, reserved 1179648K
  class space    used 9495K, committed 10048K, reserved 1048576K
}
Event: 147917.501 GC heap after
{Heap after GC invocations=15769 (full 347):
 PSYoungGen      total 3584K, used 1003K [0x00000000eab00000, 0x00000000eb380000, 0x0000000100000000)
  eden space 2560K, 0% used [0x00000000eab00000,0x00000000eab00000,0x00000000ead80000)
  from space 1024K, 97% used [0x00000000eb280000,0x00000000eb37ae10,0x00000000eb380000)
  to   space 2560K, 0% used [0x00000000eae80000,0x00000000eae80000,0x00000000eb100000)
 ParOldGen       total 155136K, used 151929K [0x00000000c0000000, 0x00000000c9780000, 0x00000000eab00000)
  object space 155136K, 97% used [0x00000000c0000000,0x00000000c945e6a8,0x00000000c9780000)
 Metaspace       used 97107K, committed 98304K, reserved 1179648K
  class space    used 9495K, committed 10048K, reserved 1048576K
}
Event: 147917.508 GC heap before
{Heap before GC invocations=15770 (full 347):
 PSYoungGen      total 3584K, used 3563K [0x00000000eab00000, 0x00000000eb380000, 0x0000000100000000)
  eden space 2560K, 100% used [0x00000000eab00000,0x00000000ead80000,0x00000000ead80000)
  from space 1024K, 97% used [0x00000000eb280000,0x00000000eb37ae10,0x00000000eb380000)
  to   space 2560K, 0% used [0x00000000eae80000,0x00000000eae80000,0x00000000eb100000)
 ParOldGen       total 155136K, used 151929K [0x00000000c0000000, 0x00000000c9780000, 0x00000000eab00000)
  object space 155136K, 97% used [0x00000000c0000000,0x00000000c945e6a8,0x00000000c9780000)
 Metaspace       used 97107K, committed 98304K, reserved 1179648K
  class space    used 9495K, committed 10048K, reserved 1048576K
}
Event: 147917.512 GC heap after
{Heap after GC invocations=15770 (full 347):
 PSYoungGen      total 5632K, used 2208K [0x00000000eab00000, 0x00000000eb300000, 0x0000000100000000)
  eden space 3072K, 0% used [0x00000000eab00000,0x00000000eab00000,0x00000000eae00000)
  from space 2560K, 86% used [0x00000000eae80000,0x00000000eb0a8000,0x00000000eb100000)
  to   space 2048K, 0% used [0x00000000eb100000,0x00000000eb100000,0x00000000eb300000)
 ParOldGen       total 155136K, used 152976K [0x00000000c0000000, 0x00000000c9780000, 0x00000000eab00000)
  object space 155136K, 98% used [0x00000000c0000000,0x00000000c9564170,0x00000000c9780000)
 Metaspace       used 97107K, committed 98304K, reserved 1179648K
  class space    used 9495K, committed 10048K, reserved 1048576K
}
Event: 147917.534 GC heap before
{Heap before GC invocations=15771 (full 347):
 PSYoungGen      total 5632K, used 5218K [0x00000000eab00000, 0x00000000eb300000, 0x0000000100000000)
  eden space 3072K, 98% used [0x00000000eab00000,0x00000000eadf0aa8,0x00000000eae00000)
  from space 2560K, 86% used [0x00000000eae80000,0x00000000eb0a8000,0x00000000eb100000)
  to   space 2048K, 0% used [0x00000000eb100000,0x00000000eb100000,0x00000000eb300000)
 ParOldGen       total 155136K, used 152976K [0x00000000c0000000, 0x00000000c9780000, 0x00000000eab00000)
  object space 155136K, 98% used [0x00000000c0000000,0x00000000c9564170,0x00000000c9780000)
 Metaspace       used 97113K, committed 98304K, reserved 1179648K
  class space    used 9496K, committed 10048K, reserved 1048576K
}
Event: 147917.546 GC heap after
{Heap after GC invocations=15771 (full 347):
 PSYoungGen      total 2560K, used 2024K [0x00000000eab00000, 0x00000000eba00000, 0x0000000100000000)
  eden space 512K, 0% used [0x00000000eab00000,0x00000000eab00000,0x00000000eab80000)
  from space 2048K, 98% used [0x00000000eb100000,0x00000000eb2fa010,0x00000000eb300000)
  to   space 5632K, 0% used [0x00000000eab80000,0x00000000eab80000,0x00000000eb100000)
 ParOldGen       total 155648K, used 155640K [0x00000000c0000000, 0x00000000c9800000, 0x00000000eab00000)
  object space 155648K, 99% used [0x00000000c0000000,0x00000000c97fe190,0x00000000c9800000)
 Metaspace       used 97113K, committed 98304K, reserved 1179648K
  class space    used 9496K, committed 10048K, reserved 1048576K
}
Event: 147917.546 GC heap before
{Heap before GC invocations=15772 (full 348):
 PSYoungGen      total 2560K, used 2024K [0x00000000eab00000, 0x00000000eba00000, 0x0000000100000000)
  eden space 512K, 0% used [0x00000000eab00000,0x00000000eab00000,0x00000000eab80000)
  from space 2048K, 98% used [0x00000000eb100000,0x00000000eb2fa010,0x00000000eb300000)
  to   space 5632K, 0% used [0x00000000eab80000,0x00000000eab80000,0x00000000eb100000)
 ParOldGen       total 155648K, used 155640K [0x00000000c0000000, 0x00000000c9800000, 0x00000000eab00000)
  object space 155648K, 99% used [0x00000000c0000000,0x00000000c97fe190,0x00000000c9800000)
 Metaspace       used 97113K, committed 98304K, reserved 1179648K
  class space    used 9496K, committed 10048K, reserved 1048576K
}

Dll operation events (12 events):
Event: 0.039 Loaded shared library c:\Users\JUAN PABLO PALOMINO\.vscode\extensions\redhat.java-1.27.0-win32-x64\jre\17.0.10-win32-x86_64\bin\java.dll
Event: 0.568 Loaded shared library c:\Users\JUAN PABLO PALOMINO\.vscode\extensions\redhat.java-1.27.0-win32-x64\jre\17.0.10-win32-x86_64\bin\zip.dll
Event: 0.574 Loaded shared library C:\Users\JUAN PABLO PALOMINO\.vscode\extensions\redhat.java-1.27.0-win32-x64\jre\17.0.10-win32-x86_64\bin\instrument.dll
Event: 0.623 Loaded shared library C:\Users\JUAN PABLO PALOMINO\.vscode\extensions\redhat.java-1.27.0-win32-x64\jre\17.0.10-win32-x86_64\bin\net.dll
Event: 0.627 Loaded shared library C:\Users\JUAN PABLO PALOMINO\.vscode\extensions\redhat.java-1.27.0-win32-x64\jre\17.0.10-win32-x86_64\bin\nio.dll
Event: 0.638 Loaded shared library C:\Users\JUAN PABLO PALOMINO\.vscode\extensions\redhat.java-1.27.0-win32-x64\jre\17.0.10-win32-x86_64\bin\zip.dll
Event: 0.663 Loaded shared library C:\Users\JUAN PABLO PALOMINO\.vscode\extensions\redhat.java-1.27.0-win32-x64\jre\17.0.10-win32-x86_64\bin\jimage.dll
Event: 0.842 Loaded shared library c:\Users\JUAN PABLO PALOMINO\.vscode\extensions\redhat.java-1.27.0-win32-x64\jre\17.0.10-win32-x86_64\bin\verify.dll
Event: 6.857 Loaded shared library C:\Users\JUAN PABLO PALOMINO\AppData\Roaming\Code\User\globalStorage\redhat.java\1.27.0\config_win\org.eclipse.equinox.launcher\org.eclipse.equinox.launcher.win32.win32.x86_64_1.2.900.v20240129-1338\eclipse_11900.dll
Event: 24.063 Loaded shared library C:\Users\JUAN PABLO PALOMINO\AppData\Local\Temp\jna--751929115\jna16543779871380759851.dll
Event: 31.745 Loaded shared library C:\Users\JUAN PABLO PALOMINO\.vscode\extensions\redhat.java-1.27.0-win32-x64\jre\17.0.10-win32-x86_64\bin\sunmscapi.dll
Event: 1425.319 Loaded shared library C:\Users\JUAN PABLO PALOMINO\.vscode\extensions\redhat.java-1.27.0-win32-x64\jre\17.0.10-win32-x86_64\bin\extnet.dll

Deoptimization events (20 events):
Event: 147917.455 Thread 0x000001f6baeb6890 Uncommon trap: trap_request=0xffffff45 fr.pc=0x000001f6a90008e4 relative=0x0000000000004584
Event: 147917.456 Thread 0x000001f6baeb6890 Uncommon trap: reason=unstable_if action=reinterpret pc=0x000001f6a90008e4 method=org.eclipse.jdt.internal.core.JavaModelManager.determineIfOnClasspath(Lorg/eclipse/core/resources/IResource;Lorg/eclipse/jdt/core/IJavaProject;)Lorg/eclipse/jdt/core/IJavaEl
Event: 147917.456 Thread 0x000001f6baeb6890 DEOPT PACKING pc=0x000001f6a90008e4 sp=0x0000004de5efeaa0
Event: 147917.457 Thread 0x000001f6baeb6890 DEOPT UNPACKING pc=0x000001f6a79266a3 sp=0x0000004de5efea50 mode 2
Event: 147917.467 Thread 0x000001f6baeb6890 Uncommon trap: trap_request=0xffffff45 fr.pc=0x000001f6a846eab4 relative=0x0000000000005a54
Event: 147917.468 Thread 0x000001f6baeb6890 Uncommon trap: reason=unstable_if action=reinterpret pc=0x000001f6a846eab4 method=org.eclipse.jdt.internal.core.JavaModelCache.putInfo(Lorg/eclipse/jdt/core/IJavaElement;Lorg/eclipse/jdt/internal/compiler/env/IElementInfo;)V @ 38 c2
Event: 147917.468 Thread 0x000001f6baeb6890 DEOPT PACKING pc=0x000001f6a846eab4 sp=0x0000004de5efd710
Event: 147917.469 Thread 0x000001f6baeb6890 DEOPT UNPACKING pc=0x000001f6a79266a3 sp=0x0000004de5efd5b0 mode 2
Event: 147917.483 Thread 0x000001f6baeb6890 Uncommon trap: trap_request=0xffffff45 fr.pc=0x000001f6a92fda2c relative=0x000000000000036c
Event: 147917.483 Thread 0x000001f6baeb6890 Uncommon trap: reason=unstable_if action=reinterpret pc=0x000001f6a92fda2c method=org.eclipse.jdt.internal.core.JavaProjectElementInfo.getProjectCache(Lorg/eclipse/jdt/internal/core/JavaProject;Z)Lorg/eclipse/jdt/internal/core/JavaProjectElementInfo$Proje
Event: 147917.483 Thread 0x000001f6baeb6890 DEOPT PACKING pc=0x000001f6a92fda2c sp=0x0000004de5efe790
Event: 147917.483 Thread 0x000001f6baeb6890 DEOPT UNPACKING pc=0x000001f6a79266a3 sp=0x0000004de5efe600 mode 2
Event: 147917.485 Thread 0x000001f6baeb6890 Uncommon trap: trap_request=0xffffff45 fr.pc=0x000001f6a8edfb64 relative=0x00000000000006c4
Event: 147917.485 Thread 0x000001f6baeb6890 Uncommon trap: reason=unstable_if action=reinterpret pc=0x000001f6a8edfb64 method=org.eclipse.jdt.internal.core.JavaProject.computePackageFragmentRoots(Lorg/eclipse/jdt/core/IClasspathEntry;Lorg/eclipse/jdt/internal/compiler/util/ObjectVector;Ljava/util/H
Event: 147917.485 Thread 0x000001f6baeb6890 DEOPT PACKING pc=0x000001f6a8edfb64 sp=0x0000004de5efe430
Event: 147917.485 Thread 0x000001f6baeb6890 DEOPT UNPACKING pc=0x000001f6a79266a3 sp=0x0000004de5efe3b8 mode 2
Event: 147917.485 Thread 0x000001f6baeb6890 Uncommon trap: trap_request=0xffffff6e fr.pc=0x000001f6a8137124 relative=0x0000000000000204
Event: 147917.486 Thread 0x000001f6baeb6890 Uncommon trap: reason=loop_limit_check action=maybe_recompile pc=0x000001f6a8137124 method=org.eclipse.jdt.internal.core.util.HashSetOfArray.hashCode([Ljava/lang/Object;I)I @ 27 c2
Event: 147917.486 Thread 0x000001f6baeb6890 DEOPT PACKING pc=0x000001f6a8137124 sp=0x0000004de5efe490
Event: 147917.486 Thread 0x000001f6baeb6890 DEOPT UNPACKING pc=0x000001f6a79266a3 sp=0x0000004de5efe418 mode 2

Classes unloaded (20 events):
Event: 6162.271 Thread 0x000001f6b66b14b0 Unloading class 0x0000000100954000 'java/lang/invoke/LambdaForm$MH+0x0000000100954000'
Event: 6500.795 Thread 0x000001f6b66b14b0 Unloading class 0x00000001009d9400 'java/lang/invoke/LambdaForm$MH+0x00000001009d9400'
Event: 6500.795 Thread 0x000001f6b66b14b0 Unloading class 0x00000001009d9000 'java/lang/invoke/LambdaForm$MH+0x00000001009d9000'
Event: 6500.795 Thread 0x000001f6b66b14b0 Unloading class 0x00000001009d8c00 'java/lang/invoke/LambdaForm$MH+0x00000001009d8c00'
Event: 6500.795 Thread 0x000001f6b66b14b0 Unloading class 0x00000001009d8800 'java/lang/invoke/LambdaForm$MH+0x00000001009d8800'
Event: 6500.795 Thread 0x000001f6b66b14b0 Unloading class 0x00000001009d8400 'java/lang/invoke/LambdaForm$MH+0x00000001009d8400'
Event: 6500.795 Thread 0x000001f6b66b14b0 Unloading class 0x00000001009d8000 'java/lang/invoke/LambdaForm$MH+0x00000001009d8000'
Event: 6500.795 Thread 0x000001f6b66b14b0 Unloading class 0x00000001009d5c00 'java/lang/invoke/LambdaForm$MH+0x00000001009d5c00'
Event: 6500.795 Thread 0x000001f6b66b14b0 Unloading class 0x00000001009d5800 'java/lang/invoke/LambdaForm$MH+0x00000001009d5800'
Event: 6528.374 Thread 0x000001f6b66b14b0 Unloading class 0x0000000100822000 'jdk/internal/reflect/GeneratedConstructorAccessor24'
Event: 6538.889 Thread 0x000001f6b66b14b0 Unloading class 0x00000001009b9400 'jdk/internal/reflect/GeneratedConstructorAccessor80'
Event: 7192.827 Thread 0x000001f6b66b14b0 Unloading class 0x00000001009dbc00 'java/lang/invoke/LambdaForm$MH+0x00000001009dbc00'
Event: 7192.827 Thread 0x000001f6b66b14b0 Unloading class 0x00000001009db800 'java/lang/invoke/LambdaForm$MH+0x00000001009db800'
Event: 7192.827 Thread 0x000001f6b66b14b0 Unloading class 0x00000001009db400 'java/lang/invoke/LambdaForm$MH+0x00000001009db400'
Event: 7192.827 Thread 0x000001f6b66b14b0 Unloading class 0x00000001009db000 'java/lang/invoke/LambdaForm$MH+0x00000001009db000'
Event: 7192.827 Thread 0x000001f6b66b14b0 Unloading class 0x00000001009dac00 'java/lang/invoke/LambdaForm$MH+0x00000001009dac00'
Event: 7192.828 Thread 0x000001f6b66b14b0 Unloading class 0x00000001009da800 'java/lang/invoke/LambdaForm$MH+0x00000001009da800'
Event: 7192.828 Thread 0x000001f6b66b14b0 Unloading class 0x00000001009da400 'java/lang/invoke/LambdaForm$MH+0x00000001009da400'
Event: 7192.828 Thread 0x000001f6b66b14b0 Unloading class 0x00000001009da000 'java/lang/invoke/LambdaForm$MH+0x00000001009da000'
Event: 7192.828 Thread 0x000001f6b66b14b0 Unloading class 0x00000001009d9c00 'java/lang/invoke/LambdaForm$MH+0x00000001009d9c00'

Classes redefined (0 events):
No events

Internal exceptions (20 events):
Event: 7890.248 Thread 0x000001f6ba5430b0 Exception <a 'java/lang/ClassNotFoundException'{0x00000000ead53588}: sun/net/www/protocol/jdt/Handler> (0x00000000ead53588) 
thrown [s\src\hotspot\share\classfile\systemDictionary.cpp, line 256]
Event: 7890.722 Thread 0x000001f6ba5430b0 Exception <a 'java/lang/ClassNotFoundException'{0x00000000ead80bf8}: sun/net/www/protocol/jdt/Handler> (0x00000000ead80bf8) 
thrown [s\src\hotspot\share\classfile\systemDictionary.cpp, line 256]
Event: 7890.722 Thread 0x000001f6ba5430b0 Exception <a 'java/lang/ClassNotFoundException'{0x00000000ead82e90}: sun/net/www/protocol/jdt/Handler> (0x00000000ead82e90) 
thrown [s\src\hotspot\share\classfile\systemDictionary.cpp, line 256]
Event: 7900.117 Thread 0x000001f6b7d0bbb0 Exception <a 'sun/nio/fs/WindowsException'{0x00000000eab53230}> (0x00000000eab53230) 
thrown [s\src\hotspot\share\prims\jni.cpp, line 516]
Event: 7900.325 Thread 0x000001f6b7d0bbb0 Exception <a 'sun/nio/fs/WindowsException'{0x00000000eabf45b8}> (0x00000000eabf45b8) 
thrown [s\src\hotspot\share\prims\jni.cpp, line 516]
Event: 7905.016 Thread 0x000001f6b7fed500 Exception <a 'sun/nio/fs/WindowsException'{0x00000000ead07348}> (0x00000000ead07348) 
thrown [s\src\hotspot\share\prims\jni.cpp, line 516]
Event: 7905.016 Thread 0x000001f6b7fed500 Exception <a 'sun/nio/fs/WindowsException'{0x00000000ead075a0}> (0x00000000ead075a0) 
thrown [s\src\hotspot\share\prims\jni.cpp, line 516]
Event: 7905.124 Thread 0x000001f6b7fed500 Exception <a 'sun/nio/fs/WindowsException'{0x00000000ead17960}> (0x00000000ead17960) 
thrown [s\src\hotspot\share\prims\jni.cpp, line 516]
Event: 7905.124 Thread 0x000001f6b7fed500 Exception <a 'sun/nio/fs/WindowsException'{0x00000000ead17b98}> (0x00000000ead17b98) 
thrown [s\src\hotspot\share\prims\jni.cpp, line 516]
Event: 7949.231 Thread 0x000001f6b7d0bbb0 Exception <a 'sun/nio/fs/WindowsException'{0x00000000eabea9b8}> (0x00000000eabea9b8) 
thrown [s\src\hotspot\share\prims\jni.cpp, line 516]
Event: 7949.313 Thread 0x000001f6b7d0bbb0 Exception <a 'sun/nio/fs/WindowsException'{0x00000000eaba59f0}> (0x00000000eaba59f0) 
thrown [s\src\hotspot\share\prims\jni.cpp, line 516]
Event: 147879.115 Thread 0x000001f6b7d0bbb0 Exception <a 'sun/nio/fs/WindowsException'{0x00000000eab210c0}> (0x00000000eab210c0) 
thrown [s\src\hotspot\share\prims\jni.cpp, line 516]
Event: 147879.569 Thread 0x000001f6b7d0bbb0 Exception <a 'sun/nio/fs/WindowsException'{0x00000000eabdc710}> (0x00000000eabdc710) 
thrown [s\src\hotspot\share\prims\jni.cpp, line 516]
Event: 147901.687 Thread 0x000001f6baeb6da0 Implicit null exception at 0x000001f6a93a5718 to 0x000001f6a93a6004
Event: 147901.710 Thread 0x000001f6baeb6da0 Implicit null exception at 0x000001f6a8560df8 to 0x000001f6a8561c1c
Event: 147901.909 Thread 0x000001f6ba5444f0 Exception <a 'sun/nio/fs/WindowsException'{0x00000000ead45510}> (0x00000000ead45510) 
thrown [s\src\hotspot\share\prims\jni.cpp, line 516]
Event: 147911.297 Thread 0x000001f6ba5444f0 Exception <a 'sun/nio/fs/WindowsException'{0x00000000eac9c118}> (0x00000000eac9c118) 
thrown [s\src\hotspot\share\prims\jni.cpp, line 516]
Event: 147917.455 Thread 0x000001f6baeb6890 Implicit null exception at 0x000001f6a8ffc549 to 0x000001f6a90008cc
Event: 147917.483 Thread 0x000001f6b7d0bbb0 Exception <a 'sun/nio/fs/WindowsException'{0x00000000eab27470}> (0x00000000eab27470) 
thrown [s\src\hotspot\share\prims\jni.cpp, line 516]
Event: 147917.483 Thread 0x000001f6baeb6890 Implicit null exception at 0x000001f6a92fd703 to 0x000001f6a92fda0c

VM Operations (20 events):
Event: 147879.519 Executing VM operation: ParallelGCFailedAllocation done
Event: 147901.685 Executing VM operation: Cleanup
Event: 147901.685 Executing VM operation: Cleanup done
Event: 147902.688 Executing VM operation: Cleanup
Event: 147902.688 Executing VM operation: Cleanup done
Event: 147904.682 Executing VM operation: HandshakeAllThreads
Event: 147904.682 Executing VM operation: HandshakeAllThreads done
Event: 147905.221 Executing VM operation: ParallelGCFailedAllocation
Event: 147905.236 Executing VM operation: ParallelGCFailedAllocation done
Event: 147906.246 Executing VM operation: Cleanup
Event: 147906.246 Executing VM operation: Cleanup done
Event: 147912.283 Executing VM operation: Cleanup
Event: 147912.283 Executing VM operation: Cleanup done
Event: 147917.473 Executing VM operation: ParallelGCFailedAllocation
Event: 147917.478 Executing VM operation: ParallelGCFailedAllocation done
Event: 147917.495 Executing VM operation: ParallelGCFailedAllocation
Event: 147917.501 Executing VM operation: ParallelGCFailedAllocation done
Event: 147917.507 Executing VM operation: ParallelGCFailedAllocation
Event: 147917.513 Executing VM operation: ParallelGCFailedAllocation done
Event: 147917.533 Executing VM operation: ParallelGCFailedAllocation

Events (20 events):
Event: 67835.861 Thread 0x000001f6b7ff0290 Thread added: 0x000001f6b7ff0290
Event: 67835.861 Thread 0x000001f6b7ff0290 Thread exited: 0x000001f6b7ff0290
Event: 67835.861 Thread 0x000001f6b7fee430 Thread exited: 0x000001f6b7fee430
Event: 67835.861 Thread 0x000001f6b7fec0c0 Thread exited: 0x000001f6b7fec0c0
Event: 67835.872 Thread 0x000001f6b7fed500 Thread added: 0x000001f6b7fed500
Event: 67865.848 Thread 0x000001f6b9a140d0 Thread exited: 0x000001f6b9a140d0
Event: 69224.766 Thread 0x000001f6b7febbb0 Thread exited: 0x000001f6b7febbb0
Event: 69254.640 Thread 0x000001f6b7feac80 Thread exited: 0x000001f6b7feac80
Event: 69314.651 Thread 0x000001f6b7ff11c0 Thread exited: 0x000001f6b7ff11c0
Event: 69374.663 Thread 0x000001f6b9a12c90 Thread exited: 0x000001f6b9a12c90
Event: 69434.676 Thread 0x000001f6ba546d70 Thread exited: 0x000001f6ba546d70
Event: 69494.687 Thread 0x000001f6b9a16e60 Thread exited: 0x000001f6b9a16e60
Event: 69554.688 Thread 0x000001f6ba543fe0 Thread exited: 0x000001f6ba543fe0
Event: 147540.894 Thread 0x000001f6b7ff0290 Thread added: 0x000001f6b7ff0290
Event: 147540.897 Thread 0x000001f6b7fed500 Thread exited: 0x000001f6b7fed500
Event: 147877.149 Thread 0x000001f6b7feb190 Thread added: 0x000001f6b7feb190
Event: 147878.411 Thread 0x000001f6b7fecff0 Thread added: 0x000001f6b7fecff0
Event: 147879.075 Thread 0x000001f6b7feac80 Thread added: 0x000001f6b7feac80
Event: 147879.121 Thread 0x000001f6b7feee50 Thread added: 0x000001f6b7feee50
Event: 147879.166 Thread 0x000001f6b7feac80 Thread exited: 0x000001f6b7feac80


Dynamic libraries:
0x00007ff6f4d40000 - 0x00007ff6f4d4e000 	c:\Users\JUAN PABLO PALOMINO\.vscode\extensions\redhat.java-1.27.0-win32-x64\jre\17.0.10-win32-x86_64\bin\java.exe
0x00007ffb89cf0000 - 0x00007ffb89f07000 	C:\Windows\SYSTEM32\ntdll.dll
0x00007ffb88f60000 - 0x00007ffb89024000 	C:\Windows\System32\KERNEL32.DLL
0x00007ffb87290000 - 0x00007ffb87636000 	C:\Windows\System32\KERNELBASE.dll
0x00007ffb87640000 - 0x00007ffb87751000 	C:\Windows\System32\ucrtbase.dll
0x00007ffb74010000 - 0x00007ffb74027000 	c:\Users\JUAN PABLO PALOMINO\.vscode\extensions\redhat.java-1.27.0-win32-x64\jre\17.0.10-win32-x86_64\bin\jli.dll
0x00007ffb896c0000 - 0x00007ffb8986e000 	C:\Windows\System32\USER32.dll
0x00007ffb87760000 - 0x00007ffb87786000 	C:\Windows\System32\win32u.dll
0x00007ffb895e0000 - 0x00007ffb89609000 	C:\Windows\System32\GDI32.dll
0x00007ffb87790000 - 0x00007ffb878a8000 	C:\Windows\System32\gdi32full.dll
0x00007ffb879a0000 - 0x00007ffb87a3a000 	C:\Windows\System32\msvcp_win.dll
0x00007ffb6b220000 - 0x00007ffb6b23b000 	c:\Users\JUAN PABLO PALOMINO\.vscode\extensions\redhat.java-1.27.0-win32-x64\jre\17.0.10-win32-x86_64\bin\VCRUNTIME140.dll
0x00007ffb86340000 - 0x00007ffb865d3000 	C:\Windows\WinSxS\amd64_microsoft.windows.common-controls_6595b64144ccf1df_6.0.22621.2506_none_270c5ae97388e100\COMCTL32.dll
0x00007ffb883b0000 - 0x00007ffb88457000 	C:\Windows\System32\msvcrt.dll
0x00007ffb89b70000 - 0x00007ffb89ba1000 	C:\Windows\System32\IMM32.DLL
0x00007ffb74070000 - 0x00007ffb7407c000 	c:\Users\JUAN PABLO PALOMINO\.vscode\extensions\redhat.java-1.27.0-win32-x64\jre\17.0.10-win32-x86_64\bin\vcruntime140_1.dll
0x00007ffb4cdb0000 - 0x00007ffb4ce3d000 	c:\Users\JUAN PABLO PALOMINO\.vscode\extensions\redhat.java-1.27.0-win32-x64\jre\17.0.10-win32-x86_64\bin\msvcp140.dll
0x00007ffb1ec40000 - 0x00007ffb1f8a2000 	c:\Users\JUAN PABLO PALOMINO\.vscode\extensions\redhat.java-1.27.0-win32-x64\jre\17.0.10-win32-x86_64\bin\server\jvm.dll
0x00007ffb89a30000 - 0x00007ffb89ae3000 	C:\Windows\System32\ADVAPI32.dll
0x00007ffb87be0000 - 0x00007ffb87c88000 	C:\Windows\System32\sechost.dll
0x00007ffb87260000 - 0x00007ffb87288000 	C:\Windows\System32\bcrypt.dll
0x00007ffb88460000 - 0x00007ffb88577000 	C:\Windows\System32\RPCRT4.dll
0x00007ffb86f00000 - 0x00007ffb86f4d000 	C:\Windows\SYSTEM32\POWRPROF.dll
0x00007ffb6ac50000 - 0x00007ffb6ac59000 	C:\Windows\SYSTEM32\WSOCK32.dll
0x00007ffb89550000 - 0x00007ffb895c1000 	C:\Windows\System32\WS2_32.dll
0x00007ffb7e300000 - 0x00007ffb7e334000 	C:\Windows\SYSTEM32\WINMM.dll
0x00007ffb7b570000 - 0x00007ffb7b57a000 	C:\Windows\SYSTEM32\VERSION.dll
0x00007ffb86d30000 - 0x00007ffb86d43000 	C:\Windows\SYSTEM32\UMPDC.dll
0x00007ffb85770000 - 0x00007ffb85788000 	C:\Windows\SYSTEM32\kernel.appcore.dll
0x00007ffb6ac40000 - 0x00007ffb6ac4a000 	c:\Users\JUAN PABLO PALOMINO\.vscode\extensions\redhat.java-1.27.0-win32-x64\jre\17.0.10-win32-x86_64\bin\jimage.dll
0x00007ffb868c0000 - 0x00007ffb86af3000 	C:\Windows\SYSTEM32\DBGHELP.DLL
0x00007ffb89130000 - 0x00007ffb894b9000 	C:\Windows\System32\combase.dll
0x00007ffb88e00000 - 0x00007ffb88ed7000 	C:\Windows\System32\OLEAUT32.dll
0x00007ffb867a0000 - 0x00007ffb867d2000 	C:\Windows\SYSTEM32\dbgcore.DLL
0x00007ffb878b0000 - 0x00007ffb8792a000 	C:\Windows\System32\bcryptPrimitives.dll
0x00007ffb69cb0000 - 0x00007ffb69cbe000 	c:\Users\JUAN PABLO PALOMINO\.vscode\extensions\redhat.java-1.27.0-win32-x64\jre\17.0.10-win32-x86_64\bin\instrument.dll
0x00007ffb681a0000 - 0x00007ffb681c5000 	c:\Users\JUAN PABLO PALOMINO\.vscode\extensions\redhat.java-1.27.0-win32-x64\jre\17.0.10-win32-x86_64\bin\java.dll
0x00007ffb54160000 - 0x00007ffb54178000 	c:\Users\JUAN PABLO PALOMINO\.vscode\extensions\redhat.java-1.27.0-win32-x64\jre\17.0.10-win32-x86_64\bin\zip.dll
0x00007ffb885a0000 - 0x00007ffb88dfa000 	C:\Windows\System32\SHELL32.dll
0x00007ffb84520000 - 0x00007ffb84e16000 	C:\Windows\SYSTEM32\windows.storage.dll
0x00007ffb843c0000 - 0x00007ffb844fe000 	C:\Windows\SYSTEM32\wintypes.dll
0x00007ffb89030000 - 0x00007ffb89123000 	C:\Windows\System32\SHCORE.dll
0x00007ffb89660000 - 0x00007ffb896be000 	C:\Windows\System32\shlwapi.dll
0x00007ffb86f60000 - 0x00007ffb86f86000 	C:\Windows\SYSTEM32\profapi.dll
0x00007ffb56730000 - 0x00007ffb56749000 	C:\Users\JUAN PABLO PALOMINO\.vscode\extensions\redhat.java-1.27.0-win32-x64\jre\17.0.10-win32-x86_64\bin\net.dll
0x00007ffb7ec00000 - 0x00007ffb7ed37000 	C:\Windows\SYSTEM32\WINHTTP.dll
0x00007ffb85da0000 - 0x00007ffb85e09000 	C:\Windows\system32\mswsock.dll
0x00007ffb55a00000 - 0x00007ffb55a16000 	C:\Users\JUAN PABLO PALOMINO\.vscode\extensions\redhat.java-1.27.0-win32-x64\jre\17.0.10-win32-x86_64\bin\nio.dll
0x00007ffb69c20000 - 0x00007ffb69c30000 	c:\Users\JUAN PABLO PALOMINO\.vscode\extensions\redhat.java-1.27.0-win32-x64\jre\17.0.10-win32-x86_64\bin\verify.dll
0x00007ffb7e3f0000 - 0x00007ffb7e42e000 	C:\Users\JUAN PABLO PALOMINO\AppData\Roaming\Code\User\globalStorage\redhat.java\1.27.0\config_win\org.eclipse.equinox.launcher\org.eclipse.equinox.launcher.win32.win32.x86_64_1.2.900.v20240129-1338\eclipse_11900.dll
0x00007ffb87a40000 - 0x00007ffb87be0000 	C:\Windows\System32\ole32.dll
0x00007ffb86be0000 - 0x00007ffb86bfb000 	C:\Windows\SYSTEM32\CRYPTSP.dll
0x00007ffb85790000 - 0x00007ffb857c5000 	C:\Windows\system32\rsaenh.dll
0x00007ffb85eb0000 - 0x00007ffb85edc000 	C:\Windows\SYSTEM32\USERENV.dll
0x00007ffb86150000 - 0x00007ffb8615c000 	C:\Windows\SYSTEM32\CRYPTBASE.dll
0x00007ffb85210000 - 0x00007ffb8523d000 	C:\Windows\SYSTEM32\IPHLPAPI.DLL
0x00007ffb895d0000 - 0x00007ffb895d9000 	C:\Windows\System32\NSI.dll
0x00007ffb7e760000 - 0x00007ffb7e779000 	C:\Windows\SYSTEM32\dhcpcsvc6.DLL
0x00007ffb7e740000 - 0x00007ffb7e75f000 	C:\Windows\SYSTEM32\dhcpcsvc.DLL
0x00007ffb85280000 - 0x00007ffb85379000 	C:\Windows\SYSTEM32\DNSAPI.dll
0x00007ffb1e820000 - 0x00007ffb1e865000 	C:\Users\JUAN PABLO PALOMINO\AppData\Local\Temp\jna--751929115\jna16543779871380759851.dll
0x00007ffb89540000 - 0x00007ffb89548000 	C:\Windows\System32\PSAPI.DLL
0x00007ffb80300000 - 0x00007ffb8030e000 	C:\Users\JUAN PABLO PALOMINO\.vscode\extensions\redhat.java-1.27.0-win32-x64\jre\17.0.10-win32-x86_64\bin\sunmscapi.dll
0x00007ffb870f0000 - 0x00007ffb87256000 	C:\Windows\System32\CRYPT32.dll
0x00007ffb86120000 - 0x00007ffb8614e000 	C:\Windows\SYSTEM32\ncrypt.dll
0x00007ffb86040000 - 0x00007ffb86077000 	C:\Windows\SYSTEM32\NTASN1.dll
0x00007ffb80890000 - 0x00007ffb8089a000 	C:\Windows\System32\rasadhlp.dll
0x00007ffb7df50000 - 0x00007ffb7dfd3000 	C:\Windows\System32\fwpuclnt.dll
0x00007ffb81aa0000 - 0x00007ffb81aa9000 	C:\Users\JUAN PABLO PALOMINO\.vscode\extensions\redhat.java-1.27.0-win32-x64\jre\17.0.10-win32-x86_64\bin\extnet.dll

dbghelp: loaded successfully - version: 4.0.5 - missing functions: none
symbol engine: initialized successfully - sym options: 0x614 - pdb path: .;c:\Users\JUAN PABLO PALOMINO\.vscode\extensions\redhat.java-1.27.0-win32-x64\jre\17.0.10-win32-x86_64\bin;C:\Windows\SYSTEM32;C:\Windows\WinSxS\amd64_microsoft.windows.common-controls_6595b64144ccf1df_6.0.22621.2506_none_270c5ae97388e100;c:\Users\JUAN PABLO PALOMINO\.vscode\extensions\redhat.java-1.27.0-win32-x64\jre\17.0.10-win32-x86_64\bin\server;C:\Users\JUAN PABLO PALOMINO\AppData\Roaming\Code\User\globalStorage\redhat.java\1.27.0\config_win\org.eclipse.equinox.launcher\org.eclipse.equinox.launcher.win32.win32.x86_64_1.2.900.v20240129-1338;C:\Users\JUAN PABLO PALOMINO\AppData\Local\Temp\jna--751929115

VM Arguments:
jvm_args: --add-modules=ALL-SYSTEM --add-opens=java.base/java.util=ALL-UNNAMED --add-opens=java.base/java.lang=ALL-UNNAMED --add-opens=java.base/sun.nio.fs=ALL-UNNAMED -Declipse.application=org.eclipse.jdt.ls.core.id1 -Dosgi.bundles.defaultStartLevel=4 -Declipse.product=org.eclipse.jdt.ls.core.product -Djava.import.generatesMetadataFilesAtProjectRoot=false -DDetectVMInstallationsJob.disabled=true -Dfile.encoding=utf8 -XX:+UseParallelGC -XX:GCTimeRatio=4 -XX:AdaptiveSizePolicyWeight=90 -Dsun.zip.disableMemoryMapping=true -Xmx1G -Xms100m -Xlog:disable -javaagent:c:\Users\JUAN PABLO PALOMINO\.vscode\extensions\redhat.java-1.27.0-win32-x64\lombok\lombok-1.18.31.jar -XX:+HeapDumpOnOutOfMemoryError -XX:HeapDumpPath=c:\Users\JUAN PABLO PALOMINO\AppData\Roaming\Code\User\workspaceStorage\6622c95f21b0f92e7dcf32677b9b8677\redhat.java -Daether.dependencyCollector.impl=bf 
java_command: c:\Users\JUAN PABLO PALOMINO\.vscode\extensions\redhat.java-1.27.0-win32-x64\server\plugins\org.eclipse.equinox.launcher_1.6.700.v20231214-2017.jar -configuration c:\Users\JUAN PABLO PALOMINO\AppData\Roaming\Code\User\globalStorage\redhat.java\1.27.0\config_win -data c:\Users\JUAN PABLO PALOMINO\AppData\Roaming\Code\User\workspaceStorage\6622c95f21b0f92e7dcf32677b9b8677\redhat.java\jdt_ws --stdio
java_class_path (initial): c:\Users\JUAN PABLO PALOMINO\.vscode\extensions\redhat.java-1.27.0-win32-x64\server\plugins\org.eclipse.equinox.launcher_1.6.700.v20231214-2017.jar
Launcher Type: SUN_STANDARD

[Global flags]
    uintx AdaptiveSizePolicyWeight                 = 90                                        {product} {command line}
     intx CICompilerCount                          = 4                                         {product} {ergonomic}
    uintx GCTimeRatio                              = 4                                         {product} {command line}
     bool HeapDumpOnOutOfMemoryError               = true                                   {manageable} {command line}
    ccstr HeapDumpPath                             = c:\Users\JUAN PABLO PALOMINO\AppData\Roaming\Code\User\workspaceStorage\6622c95f21b0f92e7dcf32677b9b8677\redhat.java         {manageable} {command line}
   size_t InitialHeapSize                          = 104857600                                 {product} {command line}
   size_t MaxHeapSize                              = 1073741824                                {product} {command line}
   size_t MaxNewSize                               = 357564416                                 {product} {ergonomic}
   size_t MinHeapDeltaBytes                        = 524288                                    {product} {ergonomic}
   size_t MinHeapSize                              = 104857600                                 {product} {command line}
   size_t NewSize                                  = 34603008                                  {product} {ergonomic}
    uintx NonNMethodCodeHeapSize                   = 5839372                                {pd product} {ergonomic}
    uintx NonProfiledCodeHeapSize                  = 122909434                              {pd product} {ergonomic}
   size_t OldSize                                  = 70254592                                  {product} {ergonomic}
    uintx ProfiledCodeHeapSize                     = 122909434                              {pd product} {ergonomic}
    uintx ReservedCodeCacheSize                    = 251658240                              {pd product} {ergonomic}
     bool SegmentedCodeCache                       = true                                      {product} {ergonomic}
   size_t SoftMaxHeapSize                          = 1073741824                             {manageable} {ergonomic}
     bool UseCompressedClassPointers               = true                           {product lp64_product} {ergonomic}
     bool UseCompressedOops                        = true                           {product lp64_product} {ergonomic}
     bool UseLargePagesIndividualAllocation        = false                                  {pd product} {ergonomic}
     bool UseParallelGC                            = true                                      {product} {command line}

Logging:
Log output configuration:
 #0: stdout all=off uptime,level,tags
 #1: stderr all=off uptime,level,tags

Environment Variables:
PATH=C:\Program Files\Common Files\Oracle\Java\javapath;C:\Windows\system32;C:\Windows;C:\Windows\System32\Wbem;C:\Windows\System32\WindowsPowerShell\v1.0\;C:\Windows\System32\OpenSSH\;C:\Program Files\NVIDIA Corporation\NVIDIA NvDLISR;C:\Program Files (x86)\NVIDIA Corporation\PhysX\Common;C:\Program Files\Git\cmd;C:\Program Files (x86)\Microsoft SQL Server\160\Tools\Binn\;C:\Program Files\Microsoft SQL Server\160\Tools\Binn\;C:\Program Files\Microsoft SQL Server\Client SDK\ODBC\170\Tools\Binn\;C:\Program Files\Microsoft SQL Server\160\DTS\Binn\;C:\Users\JUAN PABLO PALOMINO\AppData\Roaming\nvm;C:\Program Files\nodejs;C:\Program Files\dotnet\;C:\Users\JUAN PABLO PALOMINO\AppData\Local\Programs\Python\Launcher\;C:\Users\JUAN PABLO PALOMINO\AppData\Local\Microsoft\WindowsApps;C:\Users\JUAN PABLO PALOMINO\AppData\Local\Programs\Microsoft VS Code\bin;C:\Users\JUAN PABLO PALOMINO\AppData\Roaming\nvm;C:\Program Files\nodejs
USERNAME=JUAN PABLO PALOMINO
OS=Windows_NT
PROCESSOR_IDENTIFIER=AMD64 Family 23 Model 24 Stepping 1, AuthenticAMD
TMP=C:\Users\JUANPA~1\AppData\Local\Temp
TEMP=C:\Users\JUANPA~1\AppData\Local\Temp



Periodic native trim disabled


---------------  S Y S T E M  ---------------

OS:
 Windows 11 , 64 bit Build 22621 (10.0.22621.2506)
OS uptime: 1 days 17:05 hours
Hyper-V role detected

CPU: total 8 (initial active 8) (8 cores per cpu, 2 threads per core) family 23 model 24 stepping 1 microcode 0x0, cx8, cmov, fxsr, ht, mmx, 3dnowpref, sse, sse2, sse3, ssse3, sse4a, sse4.1, sse4.2, popcnt, lzcnt, tsc, tscinvbit, avx, avx2, aes, clmul, bmi1, bmi2, adx, sha, fma, vzeroupper, clflush, clflushopt, hv
Processor Information for all 8 processors :
  Max Mhz: 2100, Current Mhz: 2100, Mhz Limit: 2100

Memory: 4k page, system-wide physical 6019M (879M free)
TotalPageFile size 17283M (AvailPageFile size 7246M)
current process WorkingSet (physical memory assigned to process): 239M, peak: 497M
current process commit charge ("private bytes"): 505M, peak: 537M

vm_info: OpenJDK 64-Bit Server VM (17.0.10+7) for windows-amd64 JRE (17.0.10+7), built on Jan 16 2024 23:25:11 by "admin" with MS VC++ 16.10 / 16.11 (VS2019)

END.
